 ******* Program HYDRUS
 ******* 
 Root water uptake in a soil profile                                     
 Date:   7.10.2021    Time:  16:18: 9
 Units: L = cm   , T = days , M = mmol 

----------------------------------------------------------
 Time       [T]        0.0000
----------------------------------------------------------
 Sub-region num.                     1
----------------------------------------------------------
 Length   [L]        0.20000E+03  0.20000E+03
 W-volume [L]        0.69747E+02  0.69747E+02
 In-flow  [L/T]      0.00000E+00  0.00000E+00
 h Mean   [L]       -0.30000E+03 -0.30000E+03
 Top Flux [L/T]     -0.32425E-02
 Bot Flux [L/T]     -0.32425E-02
----------------------------------------------------------

----------------------------------------------------------
 Time       [T]        1.0000
----------------------------------------------------------
 Sub-region num.                     1
----------------------------------------------------------
 Length   [L]        0.20000E+03  0.20000E+03
 W-volume [L]        0.69243E+02  0.69243E+02
 In-flow  [L/T]     -0.50324E+00 -0.50324E+00
 h Mean   [L]       -0.35907E+03 -0.35907E+03
 Top Flux [L/T]      0.17102E-02
 Bot Flux [L/T]     -0.32425E-02
 WatBalT  [L]       -0.23836E+00
 WatBalR  [%]             47.365
----------------------------------------------------------

----------------------------------------------------------
 Time       [T]        2.0000
----------------------------------------------------------
 Sub-region num.                     1
----------------------------------------------------------
 Length   [L]        0.20000E+03  0.20000E+03
 W-volume [L]        0.68740E+02  0.68740E+02
 In-flow  [L/T]     -0.50324E+00 -0.50324E+00
 h Mean   [L]       -0.46530E+03 -0.46530E+03
 Top Flux [L/T]      0.45123E-03
 Bot Flux [L/T]     -0.32425E-02
 WatBalT  [L]       -0.48000E+00
 WatBalR  [%]             47.691
----------------------------------------------------------

----------------------------------------------------------
 Time       [T]        3.0000
----------------------------------------------------------
 Sub-region num.                     1
----------------------------------------------------------
 Length   [L]        0.20000E+03  0.20000E+03
 W-volume [L]        0.68237E+02  0.68237E+02
 In-flow  [L/T]     -0.50324E+00 -0.50324E+00
 h Mean   [L]       -0.64468E+03 -0.64468E+03
 Top Flux [L/T]      0.15180E-03
 Bot Flux [L/T]     -0.32425E-02
 WatBalT  [L]       -0.72464E+00
 WatBalR  [%]             47.998
----------------------------------------------------------

----------------------------------------------------------
 Time       [T]        4.0000
----------------------------------------------------------
 Sub-region num.                     1
----------------------------------------------------------
 Length   [L]        0.20000E+03  0.20000E+03
 W-volume [L]        0.67734E+02  0.67734E+02
 In-flow  [L/T]     -0.50324E+00 -0.50324E+00
 h Mean   [L]       -0.94875E+03 -0.94875E+03
 Top Flux [L/T]     -0.31470E-04
 Bot Flux [L/T]     -0.32425E-02
 WatBalT  [L]       -0.97116E+00
 WatBalR  [%]             48.245
----------------------------------------------------------

----------------------------------------------------------
 Time       [T]        5.0000
----------------------------------------------------------
 Sub-region num.                     1
----------------------------------------------------------
 Length   [L]        0.20000E+03  0.20000E+03
 W-volume [L]        0.67231E+02  0.67231E+02
 In-flow  [L/T]     -0.50324E+00 -0.50324E+00
 h Mean   [L]       -0.14917E+04 -0.14917E+04
 Top Flux [L/T]      0.42442E-03
 Bot Flux [L/T]     -0.32425E-02
 WatBalT  [L]       -0.11647E+01
 WatBalR  [%]             46.288
----------------------------------------------------------

----------------------------------------------------------
 Time       [T]        6.0000
----------------------------------------------------------
 Sub-region num.                     1
----------------------------------------------------------
 Length   [L]        0.20000E+03  0.20000E+03
 W-volume [L]        0.66754E+02  0.66754E+02
 In-flow  [L/T]     -0.35185E+00 -0.35185E+00
 h Mean   [L]       -0.23136E+04 -0.23136E+04
 Top Flux [L/T]     -0.24895E-02
 Bot Flux [L/T]     -0.32425E-02
 WatBalT  [L]       -0.14579E+01
 WatBalR  [%]             48.711
----------------------------------------------------------

----------------------------------------------------------
 Time       [T]        7.0000
----------------------------------------------------------
 Sub-region num.                     1
----------------------------------------------------------
 Length   [L]        0.20000E+03  0.20000E+03
 W-volume [L]        0.66592E+02  0.66592E+02
 In-flow  [L/T]     -0.25323E+00 -0.25323E+00
 h Mean   [L]       -0.24957E+04 -0.24957E+04
 Top Flux [L/T]     -0.19983E-02
 Bot Flux [L/T]     -0.32425E-02
 WatBalT  [L]       -0.14351E+01
 WatBalR  [%]             45.490
----------------------------------------------------------

----------------------------------------------------------
 Time       [T]        8.0000
----------------------------------------------------------
 Sub-region num.                     1
----------------------------------------------------------
 Length   [L]        0.20000E+03  0.20000E+03
 W-volume [L]        0.66522E+02  0.66522E+02
 In-flow  [L/T]      0.44941E-01  0.44941E-01
 h Mean   [L]       -0.25046E+04 -0.25046E+04
 Top Flux [L/T]     -0.18897E-05
 Bot Flux [L/T]     -0.32425E-02
 WatBalT  [L]       -0.13388E+01
 WatBalR  [%]             41.515
----------------------------------------------------------

----------------------------------------------------------
 Time       [T]       10.0000
----------------------------------------------------------
 Sub-region num.                     1
----------------------------------------------------------
 Length   [L]        0.20000E+03  0.20000E+03
 W-volume [L]        0.66411E+02  0.66411E+02
 In-flow  [L/T]      0.20883E-01  0.20883E-01
 h Mean   [L]       -0.25344E+04 -0.25344E+04
 Top Flux [L/T]     -0.18897E-05
 Bot Flux [L/T]     -0.32425E-02
 WatBalT  [L]       -0.10684E+01
 WatBalR  [%]             28.929
----------------------------------------------------------

----------------------------------------------------------
 Time       [T]       12.0000
----------------------------------------------------------
 Sub-region num.                     1
----------------------------------------------------------
 Length   [L]        0.20000E+03  0.20000E+03
 W-volume [L]        0.66322E+02  0.66322E+02
 In-flow  [L/T]     -0.14182E+00 -0.14182E+00
 h Mean   [L]       -0.25517E+04 -0.25517E+04
 Top Flux [L/T]     -0.26078E-02
 Bot Flux [L/T]     -0.32419E-02
 WatBalT  [L]       -0.75741E+00
 WatBalR  [%]             16.782
----------------------------------------------------------

----------------------------------------------------------
 Time       [T]       14.0000
----------------------------------------------------------
 Sub-region num.                     1
----------------------------------------------------------
 Length   [L]        0.20000E+03  0.20000E+03
 W-volume [L]        0.66247E+02  0.66247E+02
 In-flow  [L/T]     -0.13095E-01 -0.13095E-01
 h Mean   [L]       -0.25583E+04 -0.25583E+04
 Top Flux [L/T]     -0.18897E-05
 Bot Flux [L/T]     -0.32420E-02
 WatBalT  [L]       -0.43214E+00
 WatBalR  [%]              8.101
----------------------------------------------------------

----------------------------------------------------------
 Time       [T]       16.0000
----------------------------------------------------------
 Sub-region num.                     1
----------------------------------------------------------
 Length   [L]        0.20000E+03  0.20000E+03
 W-volume [L]        0.66173E+02  0.66173E+02
 In-flow  [L/T]     -0.22552E-01 -0.22552E-01
 h Mean   [L]       -0.25857E+04 -0.25857E+04
 Top Flux [L/T]     -0.27793E-02
 Bot Flux [L/T]     -0.32414E-02
 WatBalT  [L]       -0.10829E+00
 WatBalR  [%]              1.758
----------------------------------------------------------

----------------------------------------------------------
 Time       [T]       18.0000
----------------------------------------------------------
 Sub-region num.                     1
----------------------------------------------------------
 Length   [L]        0.20000E+03  0.20000E+03
 W-volume [L]        0.66106E+02  0.66106E+02
 In-flow  [L/T]      0.36728E-01  0.36728E-01
 h Mean   [L]       -0.26077E+04 -0.26077E+04
 Top Flux [L/T]     -0.18897E-05
 Bot Flux [L/T]     -0.32397E-02
 WatBalT  [L]        0.22211E+00
 WatBalR  [%]              3.178
----------------------------------------------------------

----------------------------------------------------------
 Time       [T]       20.0000
----------------------------------------------------------
 Sub-region num.                     1
----------------------------------------------------------
 Length   [L]        0.20000E+03  0.20000E+03
 W-volume [L]        0.66040E+02  0.66040E+02
 In-flow  [L/T]     -0.13041E+00 -0.13041E+00
 h Mean   [L]       -0.26353E+04 -0.26353E+04
 Top Flux [L/T]     -0.27579E-02
 Bot Flux [L/T]     -0.32362E-02
 WatBalT  [L]        0.55241E+00
 WatBalR  [%]              7.063
----------------------------------------------------------

----------------------------------------------------------
 Time       [T]       22.0000
----------------------------------------------------------
 Sub-region num.                     1
----------------------------------------------------------
 Length   [L]        0.20000E+03  0.20000E+03
 W-volume [L]        0.65989E+02  0.65989E+02
 In-flow  [L/T]      0.13231E-02  0.13231E-02
 h Mean   [L]       -0.26313E+04 -0.26313E+04
 Top Flux [L/T]     -0.18897E-05
 Bot Flux [L/T]     -0.32314E-02
 WatBalT  [L]        0.89695E+00
 WatBalR  [%]             10.364
----------------------------------------------------------

----------------------------------------------------------
 Time       [T]       24.0000
----------------------------------------------------------
 Sub-region num.                     1
----------------------------------------------------------
 Length   [L]        0.20000E+03  0.20000E+03
 W-volume [L]        0.65933E+02  0.65933E+02
 In-flow  [L/T]     -0.14287E-01 -0.14287E-01
 h Mean   [L]       -0.26508E+04 -0.26508E+04
 Top Flux [L/T]     -0.28534E-02
 Bot Flux [L/T]     -0.32244E-02
 WatBalT  [L]        0.12353E+01
 WatBalR  [%]             13.016
----------------------------------------------------------

----------------------------------------------------------
 Time       [T]       28.0000
----------------------------------------------------------
 Sub-region num.                     1
----------------------------------------------------------
 Length   [L]        0.20000E+03  0.20000E+03
 W-volume [L]        0.65830E+02  0.65830E+02
 In-flow  [L/T]     -0.12243E+00 -0.12243E+00
 h Mean   [L]       -0.26799E+04 -0.26799E+04
 Top Flux [L/T]     -0.27271E-02
 Bot Flux [L/T]     -0.32002E-02
 WatBalT  [L]        0.19195E+01
 WatBalR  [%]             17.185
----------------------------------------------------------

----------------------------------------------------------
 Time       [T]       30.0000
----------------------------------------------------------
 Sub-region num.                     1
----------------------------------------------------------
 Length   [L]        0.20000E+03  0.20000E+03
 W-volume [L]        0.65787E+02  0.65787E+02
 In-flow  [L/T]      0.65031E-02  0.65031E-02
 h Mean   [L]       -0.26807E+04 -0.26807E+04
 Top Flux [L/T]     -0.18897E-05
 Bot Flux [L/T]     -0.31831E-02
 WatBalT  [L]        0.22706E+01
 WatBalR  [%]             18.911
----------------------------------------------------------
 
 Calculation time [sec]  0.269999995827675     
