 ******* Program HYDRUS
 ******* 
 Root water uptake in a soil profile                                     
 Date:   7.10.2021    Time:  16:18: 9
 Units: L = cm   , T = days , M = mmol 



                               Node(  1)                      Node(  9)

         time            h        theta    Flux           h        theta    Flux  
          0.0010     -300.49  0.3487 -0.696E-05       -300.19  0.3487 -0.322E-02
          0.0023     -301.00  0.3487  0.271E-05       -300.54  0.3487 -0.316E-02
          0.0040     -301.76  0.3486 -0.317E-05       -300.90  0.3487 -0.309E-02
          0.0062     -302.69  0.3486  0.916E-06       -301.42  0.3486 -0.301E-02
          0.0090     -303.92  0.3485  0.254E-05       -302.07  0.3486 -0.290E-02
          0.0128     -305.51  0.3484  0.343E-06       -302.92  0.3485 -0.276E-02
          0.0176     -307.92  0.3482  0.660E-06       -304.02  0.3485 -0.259E-02
          0.0239     -310.94  0.3481  0.240E-05       -305.48  0.3484 -0.228E-02
          0.0320     -314.86  0.3479  0.805E-06       -307.74  0.3483 -0.191E-02
          0.0426     -319.84  0.3476  0.268E-07       -310.61  0.3481 -0.151E-02
          0.0564     -326.22  0.3472 -0.400E-06       -314.40  0.3479 -0.995E-03
          0.0743     -334.36  0.3468  0.706E-06       -319.31  0.3476 -0.370E-03
          0.0976     -344.75  0.3462  0.245E-06       -325.71  0.3473  0.398E-03
          0.1279     -358.02  0.3455  0.446E-06       -334.03  0.3468  0.131E-02
          0.1673     -374.96  0.3446  0.391E-06       -344.86  0.3462  0.237E-02
          0.2185     -398.62  0.3434 -0.405E-07       -358.94  0.3455  0.351E-02
          0.2850     -431.51  0.3419  0.151E-06       -377.37  0.3445  0.483E-02
          0.3744     -474.14  0.3400  0.885E-07       -405.91  0.3431  0.744E-02
          0.4787     -530.79  0.3378 -0.102E-06       -440.45  0.3415  0.815E-02
          0.6090     -601.41  0.3352 -0.806E-07       -485.13  0.3395  0.960E-02
          0.8045     -725.11  0.3315  0.747E-07       -564.73  0.3366  0.105E-01
          1.0000     -853.31  0.3281 -0.527E-07       -652.46  0.3336  0.111E-01
          1.2500    -1032.99  0.3241  0.346E-07       -784.82  0.3298  0.994E-02
          1.6250    -1339.37  0.3187  0.300E-07      -1036.83  0.3241  0.838E-02
          2.0000    -1646.64  0.3143  0.315E-07      -1359.92  0.3184  0.570E-02
          2.5000    -2139.32  0.3089  0.611E-09      -1900.70  0.3113  0.249E-02
          3.0000    -2710.67  0.3040 -0.257E-07      -2566.90  0.3051  0.971E-03
          3.5000    -3508.67  0.2988 -0.195E-07      -3296.29  0.3000  0.206E-03
          4.0000    -4303.82  0.2946 -0.188E-07      -4322.46  0.2946  0.354E-03
          5.0000    -9335.41  0.2796  0.175E-09      -6553.27  0.2863 -0.473E-03
          5.3333    -2702.51  0.3041 -0.456E-07     -11829.01  0.2750  0.940E-03
          5.4074    -9048.63  0.2802  0.150E-06      -8642.83  0.2811 -0.967E-03
          5.4815    -9270.14  0.2797 -0.204E-06      -9173.92  0.2799  0.756E-04
          5.5556    -9583.37  0.2791 -0.725E-07      -9449.21  0.2793  0.378E-04
          5.6296   -10000.00  0.2782 -0.121E-02      -9852.83  0.2785  0.242E-04
          5.7222   -10000.00  0.2782 -0.817E-02     -10238.02  0.2777  0.242E-04
          5.8611   -10000.00  0.2782 -0.326E-01     -11214.15  0.2761  0.340E-04
          6.0000   -10000.00  0.2782 -0.628E-01     -10000.00  0.2782 -0.498E-03
          6.1250   -10000.00  0.2782 -0.994E-01     -15027.56  0.2707  0.545E-03
          6.2125   -10000.00  0.2782 -0.134E+00     -10000.00  0.2782 -0.124E-03
          6.2738   -10000.00  0.2782 -0.170E+00     -14206.41  0.2717  0.179E-03
          6.3168   -10000.00  0.2782 -0.126E+00     -10000.00  0.2782 -0.189E-05
          6.3597   -10000.00  0.2782 -0.747E-01     -11054.63  0.2763  0.691E-04
          6.4027   -10000.00  0.2782 -0.794E-01     -11447.57  0.2756  0.395E-04
          6.4585   -10000.00  0.2782 -0.915E-01     -11839.07  0.2750  0.208E-04
          6.5126   -10000.00  0.2782 -0.106E+00     -12059.32  0.2747  0.114E-04
          6.5823   -10000.00  0.2782 -0.115E+00     -12377.56  0.2742  0.118E-04
          6.6519   -10000.00  0.2782 -0.135E+00     -12709.45  0.2737  0.112E-04
          6.7215   -10000.00  0.2782 -0.150E+00     -13125.53  0.2731  0.136E-04
          6.7911   -10000.00  0.2782 -0.170E+00     -13356.00  0.2728  0.316E-05
          6.8608   -10000.00  0.2782 -0.169E+00     -13449.30  0.2727  0.238E-05
          6.9072   -10000.00  0.2782 -0.196E+00     -13846.04  0.2721  0.154E-04
          6.9536   -10000.00  0.2782 -0.178E+00     -10000.00  0.2782 -0.189E-05
          7.0000   -10000.00  0.2782 -0.104E+00     -11605.63  0.2754  0.984E-04
          7.0508   -10000.00  0.2782 -0.105E+00     -12095.81  0.2746  0.295E-04
          7.1016   -10000.00  0.2782 -0.114E+00     -12216.52  0.2744  0.734E-05
          7.1676   -10000.00  0.2782 -0.118E+00     -12376.87  0.2742  0.549E-05
          7.2337   -10000.00  0.2782 -0.134E+00     -12674.86  0.2738  0.124E-04
          7.2997   -10000.00  0.2782 -0.144E+00     -12944.32  0.2734  0.782E-05
          7.3657   -10000.00  0.2782 -0.161E+00     -13195.79  0.2730  0.789E-05
          7.4292   -10000.00  0.2782 -0.171E+00     -13502.41  0.2726  0.985E-05
          7.4926   -10000.00  0.2782 -0.184E+00     -13583.01  0.2725 -0.622E-06
          7.5560   -10000.00  0.2782 -0.190E+00     -13878.91  0.2721  0.117E-04
          7.6194   -10000.00  0.2782 -0.206E+00     -14058.83  0.2719  0.153E-05
          7.6829   -10000.00  0.2782 -0.211E+00     -14319.24  0.2715  0.888E-05
          7.7463   -10000.00  0.2782 -0.225E+00     -14371.92  0.2715 -0.536E-05
          7.8097   -10000.00  0.2782 -0.212E+00     -10000.00  0.2782 -0.189E-05
          7.8731   -10000.00  0.2782 -0.167E+00     -13921.73  0.2721  0.164E-03
          7.9154   -10000.00  0.2782 -0.166E+00     -10000.00  0.2782 -0.189E-05
          7.9577   -10000.00  0.2782 -0.110E+00     -11571.37  0.2754  0.936E-04
          8.0000   -10000.00  0.2782 -0.966E-01     -11842.56  0.2750  0.359E-04
          8.0601   -10000.00  0.2782 -0.982E-01     -11916.60  0.2749 -0.632E-06
          8.1202   -10000.00  0.2782 -0.111E+00     -12264.05  0.2744  0.189E-04
          8.1983   -10000.00  0.2782 -0.119E+00     -12308.24  0.2743 -0.894E-03
          8.2764   -10000.00  0.2782 -0.128E+00     -12764.46  0.2736  0.380E-03
          8.3545   -10000.00  0.2782 -0.156E+00     -13095.27  0.2732 -0.114E-02
          8.4327   -10000.00  0.2782 -0.162E+00     -13669.23  0.2724  0.490E-03
          8.4873   -10000.00  0.2782 -0.198E+00     -13882.36  0.2721 -0.136E-02
          8.5256   -10000.00  0.2782 -0.169E+00     -10000.00  0.2782  0.957E-03
          8.5639   -10000.00  0.2782 -0.111E+00     -11411.74  0.2757 -0.535E-03
          8.6022   -10000.00  0.2782 -0.913E-01     -11706.32  0.2752 -0.873E-04
          8.6519   -10000.00  0.2782 -0.994E-01     -11926.32  0.2749 -0.164E-04
          8.7017   -10000.00  0.2782 -0.113E+00     -12242.45  0.2744  0.142E-04
          8.7664   -10000.00  0.2782 -0.119E+00     -12310.62  0.2743  0.181E-06
          8.8311   -10000.00  0.2782 -0.120E+00     -12406.75  0.2742  0.451E-05
          8.8958   -10000.00  0.2782 -0.141E+00     -12847.70  0.2735  0.191E-04
          8.9605   -10000.00  0.2782 -0.139E+00     -10000.00  0.2782 -0.189E-05
          9.0252   -10000.00  0.2782 -0.118E+00     -12695.41  0.2737  0.143E-03
          9.0899   -10000.00  0.2782 -0.125E+00     -10000.00  0.2782 -0.948E-03
          9.1545   -10000.00  0.2782 -0.123E+00     -12792.65  0.2736  0.111E-02
          9.2192   -10000.00  0.2782 -0.118E+00     -10000.00  0.2782 -0.945E-03
          9.2839   -10000.00  0.2782 -0.115E+00     -12597.57  0.2739  0.105E-02
          9.3486   -10000.00  0.2782 -0.112E+00     -10000.00  0.2782 -0.900E-03
          9.4138   -10000.00  0.2782 -0.110E+00     -12489.48  0.2740  0.101E-02
          9.4789   -10000.00  0.2782 -0.113E+00     -10000.00  0.2782 -0.918E-03
          9.5440   -10000.00  0.2782 -0.112E+00     -12529.36  0.2740  0.103E-02
          9.6092   -10000.00  0.2782 -0.109E+00     -10000.00  0.2782 -0.885E-03
          9.6743   -10000.00  0.2782 -0.108E+00     -12436.16  0.2741  0.996E-03
          9.7394   -10000.00  0.2782 -0.111E+00     -10000.00  0.2782 -0.903E-03
          9.8046   -10000.00  0.2782 -0.110E+00     -12484.92  0.2740  0.101E-02
          9.8697   -10000.00  0.2782 -0.108E+00     -10000.00  0.2782 -0.873E-03
          9.9349   -10000.00  0.2782 -0.107E+00     -12403.48  0.2741  0.985E-03
         10.0000   -10000.00  0.2782 -0.110E+00     -10000.00  0.2782 -0.894E-03
         10.0647   -10000.00  0.2782 -0.109E+00     -12441.41  0.2741  0.998E-03
         10.1294   -10000.00  0.2782 -0.106E+00     -10000.00  0.2782 -0.858E-03
         10.1941   -10000.00  0.2782 -0.105E+00     -12347.95  0.2742  0.966E-03
         10.2588   -10000.00  0.2782 -0.108E+00     -10000.00  0.2782 -0.876E-03
         10.3235   -10000.00  0.2782 -0.107E+00     -12395.49  0.2742  0.982E-03
         10.3881   -10000.00  0.2782 -0.105E+00     -10000.00  0.2782 -0.847E-03
         10.4528   -10000.00  0.2782 -0.104E+00     -12317.79  0.2743  0.956E-03
         10.5175   -10000.00  0.2782 -0.107E+00     -10000.00  0.2782 -0.868E-03
         10.5822   -10000.00  0.2782 -0.106E+00     -12373.95  0.2742  0.975E-03
         10.6469   -10000.00  0.2782 -0.104E+00     -10000.00  0.2782 -0.842E-03
         10.7116   -10000.00  0.2782 -0.104E+00     -12303.80  0.2743  0.951E-03
         10.7763   -10000.00  0.2782 -0.107E+00     -10000.00  0.2782 -0.864E-03
         10.8410   -10000.00  0.2782 -0.106E+00     -12364.76  0.2742  0.972E-03
         10.9057   -10000.00  0.2782 -0.104E+00     -10000.00  0.2782 -0.840E-03
         10.9704   -10000.00  0.2782 -0.103E+00     -12298.87  0.2743  0.949E-03
         11.0351   -10000.00  0.2782 -0.107E+00     -10000.00  0.2782 -0.863E-03
         11.0997   -10000.00  0.2782 -0.106E+00     -12362.72  0.2742  0.971E-03
         11.1644   -10000.00  0.2782 -0.104E+00     -10000.00  0.2782 -0.839E-03
         11.2291   -10000.00  0.2782 -0.103E+00     -12299.13  0.2743  0.949E-03
         11.2938   -10000.00  0.2782 -0.107E+00     -10000.00  0.2782 -0.863E-03
         11.3585   -10000.00  0.2782 -0.106E+00     -12364.63  0.2742  0.972E-03
         11.4227   -10000.00  0.2782 -0.104E+00     -10000.00  0.2782 -0.834E-03
         11.4868   -10000.00  0.2782 -0.103E+00     -12267.90  0.2743  0.939E-03
         11.5510   -10000.00  0.2782 -0.106E+00     -10000.00  0.2782 -0.842E-03
         11.6151   -10000.00  0.2782 -0.105E+00     -12327.18  0.2743  0.950E-03
         11.6793   -10000.00  0.2782 -0.103E+00     -10000.00  0.2782 -0.827E-03
         11.7434   -10000.00  0.2782 -0.102E+00     -12241.13  0.2744  0.929E-03
         11.8076   -10000.00  0.2782 -0.105E+00     -10000.00  0.2782 -0.836E-03
         11.8717   -10000.00  0.2782 -0.105E+00     -12308.57  0.2743  0.944E-03
         11.9359   -10000.00  0.2782 -0.102E+00     -10000.00  0.2782 -0.814E-03
         12.0000   -10000.00  0.2782 -0.102E+00     -12242.08  0.2744  0.921E-03
         12.0647   -10000.00  0.2782 -0.105E+00     -10000.00  0.2782 -0.842E-03
         12.1294   -10000.00  0.2782 -0.105E+00     -12335.41  0.2742  0.953E-03
         12.1941   -10000.00  0.2782 -0.103E+00     -10000.00  0.2782 -0.834E-03
         12.2588   -10000.00  0.2782 -0.103E+00     -12277.79  0.2743  0.942E-03
         12.3235   -10000.00  0.2782 -0.106E+00     -10000.00  0.2782 -0.850E-03
         12.3881   -10000.00  0.2782 -0.106E+00     -12366.70  0.2742  0.963E-03
         12.4528   -10000.00  0.2782 -0.104E+00     -10000.00  0.2782 -0.842E-03
         12.5175   -10000.00  0.2782 -0.103E+00     -12297.46  0.2743  0.949E-03
         12.5822   -10000.00  0.2782 -0.107E+00     -10000.00  0.2782 -0.864E-03
         12.6469   -10000.00  0.2782 -0.106E+00     -12371.42  0.2742  0.974E-03
         12.7116   -10000.00  0.2782 -0.104E+00     -10000.00  0.2782 -0.843E-03
         12.7763   -10000.00  0.2782 -0.104E+00     -12314.23  0.2743  0.955E-03
         12.8410   -10000.00  0.2782 -0.108E+00     -10000.00  0.2782 -0.869E-03
         12.9057   -10000.00  0.2782 -0.107E+00     -12385.04  0.2742  0.979E-03
         12.9704   -10000.00  0.2782 -0.105E+00     -10000.00  0.2782 -0.847E-03
         13.0351   -10000.00  0.2782 -0.105E+00     -12325.54  0.2743  0.958E-03
         13.0997   -10000.00  0.2782 -0.108E+00     -10000.00  0.2782 -0.872E-03
         13.1644   -10000.00  0.2782 -0.107E+00     -12395.28  0.2742  0.982E-03
         13.2291   -10000.00  0.2782 -0.105E+00     -10000.00  0.2782 -0.850E-03
         13.2938   -10000.00  0.2782 -0.105E+00     -12334.40  0.2742  0.961E-03
         13.3585   -10000.00  0.2782 -0.108E+00     -10000.00  0.2782 -0.875E-03
         13.4227   -10000.00  0.2782 -0.108E+00     -12381.37  0.2742  0.977E-03
         13.4868   -10000.00  0.2782 -0.105E+00     -10000.00  0.2782 -0.841E-03
         13.5510   -10000.00  0.2782 -0.104E+00     -12296.38  0.2743  0.948E-03
         13.6151   -10000.00  0.2782 -0.107E+00     -10000.00  0.2782 -0.860E-03
         13.6793   -10000.00  0.2782 -0.106E+00     -12348.69  0.2742  0.966E-03
         13.7434   -10000.00  0.2782 -0.104E+00     -10000.00  0.2782 -0.834E-03
         13.8076   -10000.00  0.2782 -0.103E+00     -12276.10  0.2743  0.941E-03
         13.8717   -10000.00  0.2782 -0.107E+00     -10000.00  0.2782 -0.847E-03
         13.9359   -10000.00  0.2782 -0.106E+00     -12346.39  0.2742  0.956E-03
         14.0000   -10000.00  0.2782 -0.104E+00     -10000.00  0.2782 -0.834E-03
         14.0647   -10000.00  0.2782 -0.103E+00     -12287.25  0.2743  0.945E-03
         14.1294   -10000.00  0.2782 -0.107E+00     -10000.00  0.2782 -0.855E-03
         14.1941   -10000.00  0.2782 -0.107E+00     -12385.39  0.2742  0.970E-03
         14.2588   -10000.00  0.2782 -0.105E+00     -10000.00  0.2782 -0.848E-03
         14.3235   -10000.00  0.2782 -0.104E+00     -12319.73  0.2743  0.956E-03
         14.3881   -10000.00  0.2782 -0.108E+00     -10000.00  0.2782 -0.872E-03
         14.4528   -10000.00  0.2782 -0.107E+00     -12397.33  0.2742  0.983E-03
         14.5175   -10000.00  0.2782 -0.105E+00     -10000.00  0.2782 -0.851E-03
         14.5822   -10000.00  0.2782 -0.105E+00     -12341.37  0.2742  0.964E-03
         14.6469   -10000.00  0.2782 -0.109E+00     -10000.00  0.2782 -0.878E-03
         14.7116   -10000.00  0.2782 -0.108E+00     -12414.31  0.2741  0.989E-03
         14.7763   -10000.00  0.2782 -0.106E+00     -10000.00  0.2782 -0.856E-03
         14.8410   -10000.00  0.2782 -0.106E+00     -12354.85  0.2742  0.968E-03
         14.9057   -10000.00  0.2782 -0.109E+00     -10000.00  0.2782 -0.881E-03
         14.9704   -10000.00  0.2782 -0.108E+00     -12426.06  0.2741  0.993E-03
         15.0351   -10000.00  0.2782 -0.106E+00     -10000.00  0.2782 -0.859E-03
         15.0997   -10000.00  0.2782 -0.106E+00     -12364.68  0.2742  0.972E-03
         15.1644   -10000.00  0.2782 -0.110E+00     -10000.00  0.2782 -0.884E-03
         15.2291   -10000.00  0.2782 -0.109E+00     -12434.97  0.2741  0.996E-03
         15.2938   -10000.00  0.2782 -0.107E+00     -10000.00  0.2782 -0.861E-03
         15.3585   -10000.00  0.2782 -0.106E+00     -12372.38  0.2742  0.974E-03
         15.4227   -10000.00  0.2782 -0.110E+00     -10000.00  0.2782 -0.880E-03
         15.4868   -10000.00  0.2782 -0.109E+00     -12406.27  0.2741  0.986E-03
         15.5510   -10000.00  0.2782 -0.106E+00     -10000.00  0.2782 -0.849E-03
         15.6151   -10000.00  0.2782 -0.105E+00     -12324.21  0.2743  0.958E-03
         15.6793   -10000.00  0.2782 -0.108E+00     -10000.00  0.2782 -0.869E-03
         15.7434   -10000.00  0.2782 -0.107E+00     -12378.75  0.2742  0.976E-03
         15.8076   -10000.00  0.2782 -0.105E+00     -10000.00  0.2782 -0.843E-03
         15.8717   -10000.00  0.2782 -0.105E+00     -12306.02  0.2743  0.952E-03
         15.9359   -10000.00  0.2782 -0.108E+00     -10000.00  0.2782 -0.865E-03
         16.0000   -10000.00  0.2782 -0.107E+00     -12365.65  0.2742  0.972E-03
         16.0647   -10000.00  0.2782 -0.105E+00     -10000.00  0.2782 -0.846E-03
         16.1294   -10000.00  0.2782 -0.105E+00     -12332.05  0.2743  0.961E-03
         16.1941   -10000.00  0.2782 -0.109E+00     -10000.00  0.2782 -0.876E-03
         16.2588   -10000.00  0.2782 -0.108E+00     -12413.89  0.2741  0.988E-03
         16.3235   -10000.00  0.2782 -0.106E+00     -10000.00  0.2782 -0.856E-03
         16.3881   -10000.00  0.2782 -0.106E+00     -12360.50  0.2742  0.970E-03
         16.4528   -10000.00  0.2782 -0.110E+00     -10000.00  0.2782 -0.884E-03
         16.5175   -10000.00  0.2782 -0.109E+00     -12436.22  0.2741  0.996E-03
         16.5822   -10000.00  0.2782 -0.107E+00     -10000.00  0.2782 -0.862E-03
         16.6469   -10000.00  0.2782 -0.107E+00     -12377.69  0.2742  0.976E-03
         16.7116   -10000.00  0.2782 -0.110E+00     -10000.00  0.2782 -0.889E-03
         16.7763   -10000.00  0.2782 -0.109E+00     -12450.69  0.2741  0.100E-02
         16.8410   -10000.00  0.2782 -0.107E+00     -10000.00  0.2782 -0.866E-03
         16.9057   -10000.00  0.2782 -0.107E+00     -12389.32  0.2742  0.980E-03
         16.9704   -10000.00  0.2782 -0.111E+00     -10000.00  0.2782 -0.892E-03
         17.0351   -10000.00  0.2782 -0.110E+00     -12460.78  0.2741  0.100E-02
         17.0997   -10000.00  0.2782 -0.108E+00     -10000.00  0.2782 -0.869E-03
         17.1644   -10000.00  0.2782 -0.107E+00     -12397.66  0.2742  0.983E-03
         17.2291   -10000.00  0.2782 -0.111E+00     -10000.00  0.2782 -0.894E-03
         17.2938   -10000.00  0.2782 -0.110E+00     -12468.22  0.2740  0.101E-02
         17.3585   -10000.00  0.2782 -0.108E+00     -10000.00  0.2782 -0.871E-03
         17.4227   -10000.00  0.2782 -0.108E+00     -12381.78  0.2742  0.977E-03
         17.4868   -10000.00  0.2782 -0.111E+00     -10000.00  0.2782 -0.885E-03
         17.5510   -10000.00  0.2782 -0.109E+00     -12426.87  0.2741  0.993E-03
         17.6151   -10000.00  0.2782 -0.107E+00     -10000.00  0.2782 -0.856E-03
         17.6793   -10000.00  0.2782 -0.106E+00     -12346.17  0.2742  0.965E-03
         17.7434   -10000.00  0.2782 -0.109E+00     -10000.00  0.2782 -0.876E-03
         17.8076   -10000.00  0.2782 -0.108E+00     -12402.19  0.2741  0.984E-03
         17.8717   -10000.00  0.2782 -0.106E+00     -10000.00  0.2782 -0.850E-03
         17.9359   -10000.00  0.2782 -0.105E+00     -12329.09  0.2743  0.959E-03
         18.0000   -10000.00  0.2782 -0.109E+00     -10000.00  0.2782 -0.872E-03
         18.0647   -10000.00  0.2782 -0.108E+00     -12411.68  0.2741  0.988E-03
         18.1294   -10000.00  0.2782 -0.106E+00     -10000.00  0.2782 -0.857E-03
         18.1941   -10000.00  0.2782 -0.106E+00     -12366.01  0.2742  0.972E-03
         18.2588   -10000.00  0.2782 -0.110E+00     -10000.00  0.2782 -0.886E-03
         18.3235   -10000.00  0.2782 -0.109E+00     -12445.77  0.2741  0.999E-03
         18.3881   -10000.00  0.2782 -0.107E+00     -10000.00  0.2782 -0.866E-03
         18.4528   -10000.00  0.2782 -0.107E+00     -12389.46  0.2742  0.980E-03
         18.5175   -10000.00  0.2782 -0.111E+00     -10000.00  0.2782 -0.893E-03
         18.5822   -10000.00  0.2782 -0.110E+00     -12464.52  0.2741  0.101E-02
         18.6469   -10000.00  0.2782 -0.108E+00     -10000.00  0.2782 -0.870E-03
         18.7116   -10000.00  0.2782 -0.108E+00     -12403.93  0.2741  0.985E-03
         18.7763   -10000.00  0.2782 -0.111E+00     -10000.00  0.2782 -0.897E-03
         18.8410   -10000.00  0.2782 -0.110E+00     -12476.71  0.2740  0.101E-02
         18.9057   -10000.00  0.2782 -0.108E+00     -10000.00  0.2782 -0.874E-03
         18.9704   -10000.00  0.2782 -0.108E+00     -12413.72  0.2741  0.988E-03
         19.0351   -10000.00  0.2782 -0.112E+00     -10000.00  0.2782 -0.899E-03
         19.0997   -10000.00  0.2782 -0.111E+00     -12485.19  0.2740  0.101E-02
         19.1644   -10000.00  0.2782 -0.109E+00     -10000.00  0.2782 -0.876E-03
         19.2291   -10000.00  0.2782 -0.108E+00     -12420.74  0.2741  0.991E-03
         19.2938   -10000.00  0.2782 -0.112E+00     -10000.00  0.2782 -0.901E-03
         19.3585   -10000.00  0.2782 -0.111E+00     -12491.48  0.2740  0.101E-02
         19.4227   -10000.00  0.2782 -0.109E+00     -10000.00  0.2782 -0.871E-03
         19.4868   -10000.00  0.2782 -0.108E+00     -12389.57  0.2742  0.980E-03
         19.5510   -10000.00  0.2782 -0.111E+00     -10000.00  0.2782 -0.889E-03
         19.6151   -10000.00  0.2782 -0.110E+00     -12439.25  0.2741  0.997E-03
         19.6793   -10000.00  0.2782 -0.107E+00     -10000.00  0.2782 -0.860E-03
         19.7434   -10000.00  0.2782 -0.107E+00     -12360.03  0.2742  0.970E-03
         19.8076   -10000.00  0.2782 -0.110E+00     -10000.00  0.2782 -0.881E-03
         19.8717   -10000.00  0.2782 -0.109E+00     -12417.60  0.2741  0.990E-03
         19.9359   -10000.00  0.2782 -0.107E+00     -10000.00  0.2782 -0.854E-03
         20.0000   -10000.00  0.2782 -0.106E+00     -12344.77  0.2742  0.965E-03
         20.0647   -10000.00  0.2782 -0.109E+00     -10000.00  0.2782 -0.884E-03
         20.1294   -10000.00  0.2782 -0.109E+00     -12441.84  0.2741  0.998E-03
         20.1941   -10000.00  0.2782 -0.107E+00     -10000.00  0.2782 -0.865E-03
         20.2588   -10000.00  0.2782 -0.107E+00     -12391.40  0.2742  0.981E-03
         20.3235   -10000.00  0.2782 -0.111E+00     -10000.00  0.2782 -0.894E-03
         20.3881   -10000.00  0.2782 -0.110E+00     -12470.12  0.2740  0.101E-02
         20.4528   -10000.00  0.2782 -0.108E+00     -10000.00  0.2782 -0.872E-03
         20.5175   -10000.00  0.2782 -0.108E+00     -12411.91  0.2741  0.988E-03
         20.5822   -10000.00  0.2782 -0.112E+00     -10000.00  0.2782 -0.899E-03
         20.6469   -10000.00  0.2782 -0.111E+00     -12486.77  0.2740  0.101E-02
         20.7116   -10000.00  0.2782 -0.109E+00     -10000.00  0.2782 -0.877E-03
         20.7763   -10000.00  0.2782 -0.108E+00     -12424.85  0.2741  0.992E-03
         20.8410   -10000.00  0.2782 -0.112E+00     -10000.00  0.2782 -0.903E-03
         20.9057   -10000.00  0.2782 -0.111E+00     -12497.69  0.2740  0.102E-02
         20.9704   -10000.00  0.2782 -0.109E+00     -10000.00  0.2782 -0.880E-03
         21.0351   -10000.00  0.2782 -0.109E+00     -12433.65  0.2741  0.995E-03
         21.0997   -10000.00  0.2782 -0.112E+00     -10000.00  0.2782 -0.906E-03
         21.1644   -10000.00  0.2782 -0.112E+00     -12505.36  0.2740  0.102E-02
         21.2291   -10000.00  0.2782 -0.109E+00     -10000.00  0.2782 -0.882E-03
         21.2938   -10000.00  0.2782 -0.109E+00     -12440.04  0.2741  0.997E-03
         21.3585   -10000.00  0.2782 -0.113E+00     -10000.00  0.2782 -0.907E-03
         21.4227   -10000.00  0.2782 -0.112E+00     -12487.80  0.2740  0.101E-02
         21.4868   -10000.00  0.2782 -0.109E+00     -10000.00  0.2782 -0.872E-03
         21.5510   -10000.00  0.2782 -0.108E+00     -12396.87  0.2742  0.982E-03
         21.6151   -10000.00  0.2782 -0.111E+00     -10000.00  0.2782 -0.891E-03
         21.6793   -10000.00  0.2782 -0.110E+00     -12449.58  0.2741  0.100E-02
         21.7434   -10000.00  0.2782 -0.108E+00     -10000.00  0.2782 -0.863E-03
         21.8076   -10000.00  0.2782 -0.107E+00     -12371.61  0.2742  0.974E-03
         21.8717   -10000.00  0.2782 -0.111E+00     -10000.00  0.2782 -0.885E-03
         21.9359   -10000.00  0.2782 -0.110E+00     -12430.53  0.2741  0.994E-03
         22.0000   -10000.00  0.2782 -0.107E+00     -10000.00  0.2782 -0.858E-03
         22.0647   -10000.00  0.2782 -0.107E+00     -12379.91  0.2742  0.977E-03
         22.1294   -10000.00  0.2782 -0.111E+00     -10000.00  0.2782 -0.892E-03
         22.1941   -10000.00  0.2782 -0.110E+00     -12466.87  0.2741  0.101E-02
         22.2588   -10000.00  0.2782 -0.108E+00     -10000.00  0.2782 -0.872E-03
         22.3235   -10000.00  0.2782 -0.108E+00     -12413.23  0.2741  0.988E-03
         22.3881   -10000.00  0.2782 -0.112E+00     -10000.00  0.2782 -0.900E-03
         22.4528   -10000.00  0.2782 -0.111E+00     -12491.16  0.2740  0.101E-02
         22.5175   -10000.00  0.2782 -0.109E+00     -10000.00  0.2782 -0.878E-03
         22.5822   -10000.00  0.2782 -0.109E+00     -12431.31  0.2741  0.994E-03
         22.6469   -10000.00  0.2782 -0.112E+00     -10000.00  0.2782 -0.905E-03
         22.7116   -10000.00  0.2782 -0.112E+00     -12505.97  0.2740  0.102E-02
         22.7763   -10000.00  0.2782 -0.109E+00     -10000.00  0.2782 -0.882E-03
         22.8410   -10000.00  0.2782 -0.109E+00     -12442.89  0.2741  0.998E-03
         22.9057   -10000.00  0.2782 -0.113E+00     -10000.00  0.2782 -0.909E-03
         22.9704   -10000.00  0.2782 -0.112E+00     -12515.77  0.2740  0.102E-02
         23.0351   -10000.00  0.2782 -0.110E+00     -10000.00  0.2782 -0.885E-03
         23.0997   -10000.00  0.2782 -0.109E+00     -12450.80  0.2741  0.100E-02
         23.1644   -10000.00  0.2782 -0.113E+00     -10000.00  0.2782 -0.911E-03
         23.2291   -10000.00  0.2782 -0.112E+00     -12522.62  0.2740  0.102E-02
         23.2938   -10000.00  0.2782 -0.110E+00     -10000.00  0.2782 -0.887E-03
         23.3585   -10000.00  0.2782 -0.110E+00     -12456.44  0.2741  0.100E-02
         23.4227   -10000.00  0.2782 -0.113E+00     -10000.00  0.2782 -0.905E-03
         23.4868   -10000.00  0.2782 -0.112E+00     -12490.24  0.2740  0.101E-02
         23.5510   -10000.00  0.2782 -0.109E+00     -10000.00  0.2782 -0.874E-03
         23.6151   -10000.00  0.2782 -0.108E+00     -12403.47  0.2741  0.985E-03
         23.6793   -10000.00  0.2782 -0.112E+00     -10000.00  0.2782 -0.894E-03
         23.7434   -10000.00  0.2782 -0.111E+00     -12458.29  0.2741  0.100E-02
         23.8076   -10000.00  0.2782 -0.108E+00     -10000.00  0.2782 -0.866E-03
         23.8717   -10000.00  0.2782 -0.108E+00     -12381.26  0.2742  0.977E-03
         23.9359   -10000.00  0.2782 -0.111E+00     -10000.00  0.2782 -0.888E-03
         24.0000   -10000.00  0.2782 -0.110E+00     -12441.28  0.2741  0.998E-03
         24.0647   -10000.00  0.2782 -0.108E+00     -10000.00  0.2782 -0.868E-03
         24.1294   -10000.00  0.2782 -0.108E+00     -12405.05  0.2741  0.985E-03
         24.1941   -10000.00  0.2782 -0.111E+00     -10000.00  0.2782 -0.899E-03
         24.2588   -10000.00  0.2782 -0.111E+00     -12488.46  0.2740  0.101E-02
         24.3235   -10000.00  0.2782 -0.109E+00     -10000.00  0.2782 -0.878E-03
         24.3881   -10000.00  0.2782 -0.109E+00     -12432.29  0.2741  0.994E-03
         24.4528   -10000.00  0.2782 -0.112E+00     -10000.00  0.2782 -0.906E-03
         24.5175   -10000.00  0.2782 -0.112E+00     -12509.54  0.2740  0.102E-02
         24.5822   -10000.00  0.2782 -0.110E+00     -10000.00  0.2782 -0.884E-03
         24.6469   -10000.00  0.2782 -0.109E+00     -12448.25  0.2741  0.100E-02
         24.7116   -10000.00  0.2782 -0.113E+00     -10000.00  0.2782 -0.910E-03
         24.7763   -10000.00  0.2782 -0.112E+00     -12522.75  0.2740  0.102E-02
         24.8410   -10000.00  0.2782 -0.110E+00     -10000.00  0.2782 -0.887E-03
         24.9057   -10000.00  0.2782 -0.110E+00     -12458.68  0.2741  0.100E-02
         24.9704   -10000.00  0.2782 -0.113E+00     -10000.00  0.2782 -0.913E-03
         25.0351   -10000.00  0.2782 -0.113E+00     -12531.64  0.2740  0.103E-02
         25.0997   -10000.00  0.2782 -0.110E+00     -10000.00  0.2782 -0.890E-03
         25.1644   -10000.00  0.2782 -0.110E+00     -12465.86  0.2741  0.101E-02
         25.2291   -10000.00  0.2782 -0.114E+00     -10000.00  0.2782 -0.915E-03
         25.2938   -10000.00  0.2782 -0.113E+00     -12537.90  0.2739  0.103E-02
         25.3585   -10000.00  0.2782 -0.111E+00     -10000.00  0.2782 -0.891E-03
         25.4232   -10000.00  0.2782 -0.110E+00     -12471.05  0.2740  0.101E-02
         25.4879   -10000.00  0.2782 -0.114E+00     -10000.00  0.2782 -0.917E-03
         25.5526   -10000.00  0.2782 -0.113E+00     -12542.53  0.2739  0.103E-02
         25.6173   -10000.00  0.2782 -0.111E+00     -10000.00  0.2782 -0.892E-03
         25.6820   -10000.00  0.2782 -0.110E+00     -12475.00  0.2740  0.101E-02
         25.7467   -10000.00  0.2782 -0.114E+00     -10000.00  0.2782 -0.918E-03
         25.8113   -10000.00  0.2782 -0.113E+00     -12546.15  0.2739  0.103E-02
         25.8760   -10000.00  0.2782 -0.111E+00     -10000.00  0.2782 -0.893E-03
         25.9407   -10000.00  0.2782 -0.111E+00     -12478.14  0.2740  0.101E-02
         26.0054   -10000.00  0.2782 -0.114E+00     -10000.00  0.2782 -0.919E-03
         26.0701   -10000.00  0.2782 -0.113E+00     -12549.10  0.2739  0.103E-02
         26.1348   -10000.00  0.2782 -0.111E+00     -10000.00  0.2782 -0.894E-03
         26.1995   -10000.00  0.2782 -0.111E+00     -12480.78  0.2740  0.101E-02
         26.2642   -10000.00  0.2782 -0.114E+00     -10000.00  0.2782 -0.920E-03
         26.3289   -10000.00  0.2782 -0.113E+00     -12551.63  0.2739  0.103E-02
         26.3936   -10000.00  0.2782 -0.111E+00     -10000.00  0.2782 -0.895E-03
         26.4582   -10000.00  0.2782 -0.111E+00     -12483.10  0.2740  0.101E-02
         26.5229   -10000.00  0.2782 -0.114E+00     -10000.00  0.2782 -0.920E-03
         26.5876   -10000.00  0.2782 -0.114E+00     -12553.88  0.2739  0.104E-02
         26.6523   -10000.00  0.2782 -0.111E+00     -10000.00  0.2782 -0.896E-03
         26.7170   -10000.00  0.2782 -0.111E+00     -12485.18  0.2740  0.101E-02
         26.7817   -10000.00  0.2782 -0.114E+00     -10000.00  0.2782 -0.921E-03
         26.8464   -10000.00  0.2782 -0.114E+00     -12555.95  0.2739  0.104E-02
         26.9111   -10000.00  0.2782 -0.111E+00     -10000.00  0.2782 -0.896E-03
         26.9758   -10000.00  0.2782 -0.111E+00     -12487.10  0.2740  0.101E-02
         27.0405   -10000.00  0.2782 -0.115E+00     -10000.00  0.2782 -0.922E-03
         27.1052   -10000.00  0.2782 -0.114E+00     -12557.88  0.2739  0.104E-02
         27.1698   -10000.00  0.2782 -0.111E+00     -10000.00  0.2782 -0.897E-03
         27.2345   -10000.00  0.2782 -0.111E+00     -12488.95  0.2740  0.101E-02
         27.2992   -10000.00  0.2782 -0.115E+00     -10000.00  0.2782 -0.922E-03
         27.3639   -10000.00  0.2782 -0.114E+00     -12559.72  0.2739  0.104E-02
         27.4275   -10000.00  0.2782 -0.111E+00     -10000.00  0.2782 -0.884E-03
         27.4911   -10000.00  0.2782 -0.110E+00     -12415.67  0.2741  0.989E-03
         27.5547   -10000.00  0.2782 -0.113E+00     -10000.00  0.2782 -0.893E-03
         27.6184   -10000.00  0.2782 -0.111E+00     -12444.60  0.2741  0.999E-03
         27.6820   -10000.00  0.2782 -0.108E+00     -10000.00  0.2782 -0.859E-03
         27.7456   -10000.00  0.2782 -0.107E+00     -12348.95  0.2742  0.966E-03
         27.8092   -10000.00  0.2782 -0.110E+00     -10000.00  0.2782 -0.876E-03
         27.8728   -10000.00  0.2782 -0.109E+00     -12394.94  0.2742  0.982E-03
         27.9364   -10000.00  0.2782 -0.106E+00     -10000.00  0.2782 -0.846E-03
         28.0000   -10000.00  0.2782 -0.106E+00     -12313.37  0.2743  0.954E-03
         28.0647   -10000.00  0.2782 -0.109E+00     -10000.00  0.2782 -0.879E-03
         28.1294   -10000.00  0.2782 -0.109E+00     -12438.32  0.2741  0.997E-03
         28.1941   -10000.00  0.2782 -0.107E+00     -10000.00  0.2782 -0.867E-03
         28.2588   -10000.00  0.2782 -0.108E+00     -12401.54  0.2741  0.984E-03
         28.3235   -10000.00  0.2782 -0.111E+00     -10000.00  0.2782 -0.898E-03
         28.3881   -10000.00  0.2782 -0.111E+00     -12490.08  0.2740  0.101E-02
         28.4528   -10000.00  0.2782 -0.109E+00     -10000.00  0.2782 -0.879E-03
         28.5175   -10000.00  0.2782 -0.109E+00     -12438.32  0.2741  0.996E-03
         28.5822   -10000.00  0.2782 -0.113E+00     -10000.00  0.2782 -0.908E-03
         28.6469   -10000.00  0.2782 -0.112E+00     -12519.32  0.2740  0.102E-02
         28.7116   -10000.00  0.2782 -0.110E+00     -10000.00  0.2782 -0.887E-03
         28.7763   -10000.00  0.2782 -0.110E+00     -12460.53  0.2741  0.100E-02
         28.8410   -10000.00  0.2782 -0.114E+00     -10000.00  0.2782 -0.914E-03
         28.9057   -10000.00  0.2782 -0.113E+00     -12537.57  0.2739  0.103E-02
         28.9704   -10000.00  0.2782 -0.111E+00     -10000.00  0.2782 -0.892E-03
         29.0351   -10000.00  0.2782 -0.110E+00     -12474.73  0.2740  0.101E-02
         29.0997   -10000.00  0.2782 -0.114E+00     -10000.00  0.2782 -0.918E-03
         29.1644   -10000.00  0.2782 -0.113E+00     -12549.43  0.2739  0.103E-02
         29.2291   -10000.00  0.2782 -0.111E+00     -10000.00  0.2782 -0.895E-03
         29.2938   -10000.00  0.2782 -0.111E+00     -12484.10  0.2740  0.101E-02
         29.3585   -10000.00  0.2782 -0.114E+00     -10000.00  0.2782 -0.921E-03
         29.4227   -10000.00  0.2782 -0.114E+00     -12533.64  0.2740  0.103E-02
         29.4868   -10000.00  0.2782 -0.111E+00     -10000.00  0.2782 -0.886E-03
         29.5510   -10000.00  0.2782 -0.110E+00     -12441.28  0.2741  0.997E-03
         29.6151   -10000.00  0.2782 -0.113E+00     -10000.00  0.2782 -0.905E-03
         29.6793   -10000.00  0.2782 -0.112E+00     -12495.11  0.2740  0.102E-02
         29.7434   -10000.00  0.2782 -0.110E+00     -10000.00  0.2782 -0.876E-03
         29.8076   -10000.00  0.2782 -0.109E+00     -12415.46  0.2741  0.989E-03
         29.8717   -10000.00  0.2782 -0.112E+00     -10000.00  0.2782 -0.898E-03
         29.9359   -10000.00  0.2782 -0.111E+00     -12475.32  0.2740  0.101E-02
         30.0000   -10000.00  0.2782 -0.109E+00     -10000.00  0.2782 -0.871E-03
end
