 ******* Program HYDRUS
 ******* 
 Root water uptake in a soil profile                                     
 Date:   7.10.2021    Time:  16:18: 9
 Units: L = cm   , T = days , M = mmol 


    TLevel      Time          dt      Iter    ItCum  KodT  KodB  Convergency

        1  0.1000000E-02  0.10000E-02    2        2    -4    -5     T
        2  0.2300000E-02  0.13000E-02    2        4    -4    -5     T
        3  0.3990000E-02  0.16900E-02    2        6    -4    -5     T
        4  0.6187000E-02  0.21970E-02    2        8    -4    -5     T
        5  0.9043100E-02  0.28561E-02    2       10    -4    -5     T
        6  0.1275603E-01  0.37129E-02    2       12    -4    -5     T
        7  0.1758284E-01  0.48268E-02    2       14    -4    -5     T
        8  0.2385769E-01  0.62749E-02    2       16    -4    -5     T
        9  0.3201499E-01  0.81573E-02    2       18    -4    -5     T
       10  0.4261949E-01  0.10604E-01    2       20    -4    -5     T
       11  0.5640534E-01  0.13786E-01    2       22    -4    -5     T
       12  0.7432693E-01  0.17922E-01    2       24    -4    -5     T
       13  0.9762501E-01  0.23298E-01    2       26    -4    -5     T
       14  0.1279125E+00  0.30287E-01    2       28    -4    -5     T
       15  0.1672863E+00  0.39374E-01    2       30    -4    -5     T
       16  0.2184721E+00  0.51186E-01    2       32    -4    -5     T
       17  0.2850138E+00  0.66542E-01    2       34    -4    -5     T
       18  0.3743870E+00  0.89373E-01    2       36    -4    -5     T
       19  0.4786559E+00  0.10427E+00    2       38    -4    -5     T
       20  0.6089919E+00  0.13034E+00    2       40    -4    -5     T
       21  0.8044959E+00  0.19550E+00    2       42    -4    -5     T
       22  0.1000000E+01  0.19550E+00    2       44    -4    -5     T
       23  0.1250000E+01  0.25000E+00    2       46    -4    -5     T
       24  0.1625000E+01  0.37500E+00    2       48    -4    -5     T
       25  0.2000000E+01  0.37500E+00    2       50    -4    -5     T
       26  0.2500000E+01  0.50000E+00    3       53    -4    -5     T
       27  0.3000000E+01  0.50000E+00    3       56    -4    -5     T
       28  0.3500000E+01  0.50000E+00    3       59    -4    -5     T
       29  0.4000000E+01  0.50000E+00    3       62    -4    -5     T
       30  0.5000000E+01  0.10000E+01    5       67    -4    -5     T
       31  0.5333333E+01  0.33333E+00   10       87    -4    -5     T
       32  0.5407407E+01  0.74074E-01    5      102    -4    -5     T
       33  0.5481481E+01  0.74074E-01    6      108    -4    -5     T
       34  0.5555556E+01  0.74074E-01    4      112    -4    -5     T
       35  0.5629630E+01  0.74074E-01    2      114     4    -5     T
       36  0.5722222E+01  0.92593E-01    2      116     4    -5     T
       37  0.5861111E+01  0.13889E+00    2      118     4    -5     T
       38  0.6000000E+01  0.13889E+00    4      122     4    -5     T
       39  0.6125000E+01  0.12500E+00    9      131    -4    -5     T
       40  0.6212500E+01  0.87500E-01    7      138     4    -5     T
       41  0.6273841E+01  0.61341E-01    9      147    -4    -5     T
       42  0.6316779E+01  0.42939E-01    5      152     4    -5     T
       43  0.6359718E+01  0.42939E-01    5      157    -4    -5     T
       44  0.6402656E+01  0.42939E-01    3      160     4    -5     T
       45  0.6458476E+01  0.55820E-01    4      164     4    -5     T
       46  0.6512629E+01  0.54152E-01    3      167    -4    -5     T
       47  0.6582253E+01  0.69624E-01    4      171    -4    -5     T
       48  0.6651878E+01  0.69624E-01    4      175    -4    -5     T
       49  0.6721502E+01  0.69624E-01    6      181    -4    -5     T
       50  0.6791127E+01  0.69624E-01    6      187    -4    -5     T
       51  0.6860751E+01  0.69624E-01    7      194     4    -5     T
       52  0.6907167E+01  0.46416E-01    5      199     4    -5     T
       53  0.6953584E+01  0.46416E-01    6      205     4    -5     T
       54  0.7000000E+01  0.46416E-01    5      210    -4    -5     T
       55  0.7050796E+01  0.50796E-01    5      215     4    -5     T
       56  0.7101593E+01  0.50796E-01    3      218    -4    -5     T
       57  0.7167628E+01  0.66035E-01    5      223     4    -5     T
       58  0.7233663E+01  0.66035E-01    5      228    -4    -5     T
       59  0.7299698E+01  0.66035E-01    5      233     4    -5     T
       60  0.7365733E+01  0.66035E-01    4      237     4    -5     T
       61  0.7429160E+01  0.63427E-01    5      242    -4    -5     T
       62  0.7492586E+01  0.63427E-01    6      248    -4    -5     T
       63  0.7556013E+01  0.63427E-01    5      253     4    -5     T
       64  0.7619440E+01  0.63427E-01    6      259    -4    -5     T
       65  0.7682866E+01  0.63427E-01    6      265    -4    -5     T
       66  0.7746293E+01  0.63427E-01    6      271    -4    -5     T
       67  0.7809720E+01  0.63427E-01    6      277    -4    -5     T
       68  0.7873147E+01  0.63427E-01    7      284     4    -5     T
       69  0.7915431E+01  0.42284E-01    5      289    -4    -5     T
       70  0.7957716E+01  0.42284E-01    6      295    -4    -5     T
       71  0.8000000E+01  0.42284E-01    3      298     4    -5     T
       72  0.8060092E+01  0.60092E-01    5      303    -4    -5     T
       73  0.8120184E+01  0.60092E-01    3      306     4    -5     T
       74  0.8198303E+01  0.78120E-01    5      311    -4    -5     T
       75  0.8276423E+01  0.78120E-01    6      317    -4    -5     T
       76  0.8354543E+01  0.78120E-01    6      323    -4    -5     T
       77  0.8432662E+01  0.78120E-01    7      330     4    -5     T
       78  0.8487346E+01  0.54684E-01    7      337    -4    -5     T
       79  0.8525624E+01  0.38279E-01    6      343    -4    -5     T
       80  0.8563903E+01  0.38279E-01    5      348     4    -5     T
       81  0.8602181E+01  0.38279E-01    3      351    -4    -5     T
       82  0.8651944E+01  0.49762E-01    4      355    -4    -5     T
       83  0.8701706E+01  0.49762E-01    3      358     4    -5     T
       84  0.8766397E+01  0.64691E-01    5      363    -4    -5     T
       85  0.8831087E+01  0.64691E-01    4      367    -4    -5     T
       86  0.8895778E+01  0.64691E-01    5      372     4    -5     T
       87  0.8960469E+01  0.64691E-01    5      377    -4    -5     T
       88  0.9025160E+01  0.64691E-01    6      383    -4    -5     T
       89  0.9089850E+01  0.64691E-01    5      388     4    -5     T
       90  0.9154541E+01  0.64691E-01    5      393    -4    -5     T
       91  0.9219232E+01  0.64691E-01    5      398     4    -5     T
       92  0.9283923E+01  0.64691E-01    5      403    -4    -5     T
       93  0.9348614E+01  0.64691E-01    5      408     4    -5     T
       94  0.9413752E+01  0.65139E-01    5      413    -4    -5     T
       95  0.9478891E+01  0.65139E-01    5      418     4    -5     T
       96  0.9544030E+01  0.65139E-01    5      423    -4    -5     T
       97  0.9609168E+01  0.65139E-01    5      428     4    -5     T
       98  0.9674307E+01  0.65139E-01    5      433    -4    -5     T
       99  0.9739445E+01  0.65139E-01    5      438     4    -5     T
      100  0.9804584E+01  0.65139E-01    5      443    -4    -5     T
      101  0.9869723E+01  0.65139E-01    5      448     4    -5     T
      102  0.9934861E+01  0.65139E-01    5      453    -4    -5     T
      103  0.1000000E+02  0.65139E-01    5      458     4    -5     T
      104  0.1006469E+02  0.64691E-01    5      463    -4    -5     T
      105  0.1012938E+02  0.64691E-01    5      468     4    -5     T
      106  0.1019407E+02  0.64691E-01    5      473    -4    -5     T
      107  0.1025876E+02  0.64691E-01    5      478     4    -5     T
      108  0.1032345E+02  0.64691E-01    5      483    -4    -5     T
      109  0.1038814E+02  0.64691E-01    5      488     4    -5     T
      110  0.1045284E+02  0.64691E-01    5      493    -4    -5     T
      111  0.1051753E+02  0.64691E-01    5      498     4    -5     T
      112  0.1058222E+02  0.64691E-01    5      503    -4    -5     T
      113  0.1064691E+02  0.64691E-01    5      508     4    -5     T
      114  0.1071160E+02  0.64691E-01    5      513    -4    -5     T
      115  0.1077629E+02  0.64691E-01    5      518     4    -5     T
      116  0.1084098E+02  0.64691E-01    5      523    -4    -5     T
      117  0.1090567E+02  0.64691E-01    5      528     4    -5     T
      118  0.1097036E+02  0.64691E-01    5      533    -4    -5     T
      119  0.1103505E+02  0.64691E-01    5      538     4    -5     T
      120  0.1109974E+02  0.64691E-01    5      543    -4    -5     T
      121  0.1116443E+02  0.64691E-01    5      548     4    -5     T
      122  0.1122912E+02  0.64691E-01    5      553    -4    -5     T
      123  0.1129382E+02  0.64691E-01    5      558     4    -5     T
      124  0.1135851E+02  0.64691E-01    5      563    -4    -5     T
      125  0.1142266E+02  0.64149E-01    5      568     4    -5     T
      126  0.1148681E+02  0.64149E-01    5      573    -4    -5     T
      127  0.1155095E+02  0.64149E-01    4      577    -4    -5     T
      128  0.1161510E+02  0.64149E-01    4      581    -4    -5     T
      129  0.1167925E+02  0.64149E-01    5      586     4    -5     T
      130  0.1174340E+02  0.64149E-01    5      591    -4    -5     T
      131  0.1180755E+02  0.64149E-01    4      595    -4    -5     T
      132  0.1187170E+02  0.64149E-01    4      599    -4    -5     T
      133  0.1193585E+02  0.64149E-01    4      603    -4    -5     T
      134  0.1200000E+02  0.64149E-01    4      607    -4    -5     T
      135  0.1206469E+02  0.64691E-01    4      611    -4    -5     T
      136  0.1212938E+02  0.64691E-01    4      615    -4    -5     T
      137  0.1219407E+02  0.64691E-01    5      620     4    -5     T
      138  0.1225876E+02  0.64691E-01    5      625    -4    -5     T
      139  0.1232345E+02  0.64691E-01    4      629    -4    -5     T
      140  0.1238814E+02  0.64691E-01    4      633    -4    -5     T
      141  0.1245284E+02  0.64691E-01    5      638     4    -5     T
      142  0.1251753E+02  0.64691E-01    5      643    -4    -5     T
      143  0.1258222E+02  0.64691E-01    5      648     4    -5     T
      144  0.1264691E+02  0.64691E-01    5      653    -4    -5     T
      145  0.1271160E+02  0.64691E-01    5      658     4    -5     T
      146  0.1277629E+02  0.64691E-01    5      663    -4    -5     T
      147  0.1284098E+02  0.64691E-01    5      668     4    -5     T
      148  0.1290567E+02  0.64691E-01    5      673    -4    -5     T
      149  0.1297036E+02  0.64691E-01    5      678     4    -5     T
      150  0.1303505E+02  0.64691E-01    5      683    -4    -5     T
      151  0.1309974E+02  0.64691E-01    5      688     4    -5     T
      152  0.1316443E+02  0.64691E-01    5      693    -4    -5     T
      153  0.1322912E+02  0.64691E-01    5      698     4    -5     T
      154  0.1329382E+02  0.64691E-01    5      703    -4    -5     T
      155  0.1335851E+02  0.64691E-01    5      708     4    -5     T
      156  0.1342266E+02  0.64149E-01    5      713    -4    -5     T
      157  0.1348681E+02  0.64149E-01    5      718     4    -5     T
      158  0.1355095E+02  0.64149E-01    5      723    -4    -5     T
      159  0.1361510E+02  0.64149E-01    5      728     4    -5     T
      160  0.1367925E+02  0.64149E-01    5      733    -4    -5     T
      161  0.1374340E+02  0.64149E-01    5      738     4    -5     T
      162  0.1380755E+02  0.64149E-01    5      743    -4    -5     T
      163  0.1387170E+02  0.64149E-01    4      747    -4    -5     T
      164  0.1393585E+02  0.64149E-01    4      751    -4    -5     T
      165  0.1400000E+02  0.64149E-01    5      756     4    -5     T
      166  0.1406469E+02  0.64691E-01    5      761    -4    -5     T
      167  0.1412938E+02  0.64691E-01    4      765    -4    -5     T
      168  0.1419407E+02  0.64691E-01    4      769    -4    -5     T
      169  0.1425876E+02  0.64691E-01    5      774     4    -5     T
      170  0.1432345E+02  0.64691E-01    5      779    -4    -5     T
      171  0.1438814E+02  0.64691E-01    5      784     4    -5     T
      172  0.1445284E+02  0.64691E-01    5      789    -4    -5     T
      173  0.1451753E+02  0.64691E-01    5      794     4    -5     T
      174  0.1458222E+02  0.64691E-01    5      799    -4    -5     T
      175  0.1464691E+02  0.64691E-01    5      804     4    -5     T
      176  0.1471160E+02  0.64691E-01    5      809    -4    -5     T
      177  0.1477629E+02  0.64691E-01    5      814     4    -5     T
      178  0.1484098E+02  0.64691E-01    5      819    -4    -5     T
      179  0.1490567E+02  0.64691E-01    5      824     4    -5     T
      180  0.1497036E+02  0.64691E-01    5      829    -4    -5     T
      181  0.1503505E+02  0.64691E-01    5      834     4    -5     T
      182  0.1509974E+02  0.64691E-01    5      839    -4    -5     T
      183  0.1516443E+02  0.64691E-01    5      844     4    -5     T
      184  0.1522912E+02  0.64691E-01    5      849    -4    -5     T
      185  0.1529382E+02  0.64691E-01    5      854     4    -5     T
      186  0.1535851E+02  0.64691E-01    5      859    -4    -5     T
      187  0.1542266E+02  0.64149E-01    5      864     4    -5     T
      188  0.1548681E+02  0.64149E-01    5      869    -4    -5     T
      189  0.1555095E+02  0.64149E-01    5      874     4    -5     T
      190  0.1561510E+02  0.64149E-01    5      879    -4    -5     T
      191  0.1567925E+02  0.64149E-01    5      884     4    -5     T
      192  0.1574340E+02  0.64149E-01    5      889    -4    -5     T
      193  0.1580755E+02  0.64149E-01    5      894     4    -5     T
      194  0.1587170E+02  0.64149E-01    5      899    -4    -5     T
      195  0.1593585E+02  0.64149E-01    5      904     4    -5     T
      196  0.1600000E+02  0.64149E-01    5      909    -4    -5     T
      197  0.1606469E+02  0.64691E-01    5      914     4    -5     T
      198  0.1612938E+02  0.64691E-01    5      919    -4    -5     T
      199  0.1619407E+02  0.64691E-01    5      924     4    -5     T
      200  0.1625876E+02  0.64691E-01    5      929    -4    -5     T
      201  0.1632345E+02  0.64691E-01    5      934     4    -5     T
      202  0.1638814E+02  0.64691E-01    5      939    -4    -5     T
      203  0.1645284E+02  0.64691E-01    5      944     4    -5     T
      204  0.1651753E+02  0.64691E-01    5      949    -4    -5     T
      205  0.1658222E+02  0.64691E-01    5      954     4    -5     T
      206  0.1664691E+02  0.64691E-01    5      959    -4    -5     T
      207  0.1671160E+02  0.64691E-01    5      964     4    -5     T
      208  0.1677629E+02  0.64691E-01    5      969    -4    -5     T
      209  0.1684098E+02  0.64691E-01    5      974     4    -5     T
      210  0.1690567E+02  0.64691E-01    5      979    -4    -5     T
      211  0.1697036E+02  0.64691E-01    5      984     4    -5     T
      212  0.1703505E+02  0.64691E-01    5      989    -4    -5     T
      213  0.1709974E+02  0.64691E-01    5      994     4    -5     T
      214  0.1716443E+02  0.64691E-01    5      999    -4    -5     T
      215  0.1722912E+02  0.64691E-01    5     1004     4    -5     T
      216  0.1729382E+02  0.64691E-01    5     1009    -4    -5     T
      217  0.1735851E+02  0.64691E-01    5     1014     4    -5     T
      218  0.1742266E+02  0.64149E-01    5     1019    -4    -5     T
      219  0.1748681E+02  0.64149E-01    5     1024     4    -5     T
      220  0.1755095E+02  0.64149E-01    5     1029    -4    -5     T
      221  0.1761510E+02  0.64149E-01    5     1034     4    -5     T
      222  0.1767925E+02  0.64149E-01    5     1039    -4    -5     T
      223  0.1774340E+02  0.64149E-01    5     1044     4    -5     T
      224  0.1780755E+02  0.64149E-01    5     1049    -4    -5     T
      225  0.1787170E+02  0.64149E-01    5     1054     4    -5     T
      226  0.1793585E+02  0.64149E-01    5     1059    -4    -5     T
      227  0.1800000E+02  0.64149E-01    5     1064     4    -5     T
      228  0.1806469E+02  0.64691E-01    5     1069    -4    -5     T
      229  0.1812938E+02  0.64691E-01    5     1074     4    -5     T
      230  0.1819407E+02  0.64691E-01    5     1079    -4    -5     T
      231  0.1825876E+02  0.64691E-01    5     1084     4    -5     T
      232  0.1832345E+02  0.64691E-01    5     1089    -4    -5     T
      233  0.1838814E+02  0.64691E-01    5     1094     4    -5     T
      234  0.1845284E+02  0.64691E-01    5     1099    -4    -5     T
      235  0.1851753E+02  0.64691E-01    5     1104     4    -5     T
      236  0.1858222E+02  0.64691E-01    5     1109    -4    -5     T
      237  0.1864691E+02  0.64691E-01    5     1114     4    -5     T
      238  0.1871160E+02  0.64691E-01    5     1119    -4    -5     T
      239  0.1877629E+02  0.64691E-01    5     1124     4    -5     T
      240  0.1884098E+02  0.64691E-01    5     1129    -4    -5     T
      241  0.1890567E+02  0.64691E-01    5     1134     4    -5     T
      242  0.1897036E+02  0.64691E-01    5     1139    -4    -5     T
      243  0.1903505E+02  0.64691E-01    5     1144     4    -5     T
      244  0.1909974E+02  0.64691E-01    5     1149    -4    -5     T
      245  0.1916443E+02  0.64691E-01    5     1154     4    -5     T
      246  0.1922912E+02  0.64691E-01    5     1159    -4    -5     T
      247  0.1929382E+02  0.64691E-01    5     1164     4    -5     T
      248  0.1935851E+02  0.64691E-01    5     1169    -4    -5     T
      249  0.1942266E+02  0.64149E-01    5     1174     4    -5     T
      250  0.1948681E+02  0.64149E-01    5     1179    -4    -5     T
      251  0.1955095E+02  0.64149E-01    5     1184     4    -5     T
      252  0.1961510E+02  0.64149E-01    5     1189    -4    -5     T
      253  0.1967925E+02  0.64149E-01    5     1194     4    -5     T
      254  0.1974340E+02  0.64149E-01    5     1199    -4    -5     T
      255  0.1980755E+02  0.64149E-01    5     1204     4    -5     T
      256  0.1987170E+02  0.64149E-01    5     1209    -4    -5     T
      257  0.1993585E+02  0.64149E-01    5     1214     4    -5     T
      258  0.2000000E+02  0.64149E-01    5     1219    -4    -5     T
      259  0.2006469E+02  0.64691E-01    5     1224     4    -5     T
      260  0.2012938E+02  0.64691E-01    5     1229    -4    -5     T
      261  0.2019407E+02  0.64691E-01    5     1234     4    -5     T
      262  0.2025876E+02  0.64691E-01    5     1239    -4    -5     T
      263  0.2032345E+02  0.64691E-01    5     1244     4    -5     T
      264  0.2038814E+02  0.64691E-01    5     1249    -4    -5     T
      265  0.2045284E+02  0.64691E-01    5     1254     4    -5     T
      266  0.2051753E+02  0.64691E-01    5     1259    -4    -5     T
      267  0.2058222E+02  0.64691E-01    5     1264     4    -5     T
      268  0.2064691E+02  0.64691E-01    5     1269    -4    -5     T
      269  0.2071160E+02  0.64691E-01    5     1274     4    -5     T
      270  0.2077629E+02  0.64691E-01    5     1279    -4    -5     T
      271  0.2084098E+02  0.64691E-01    5     1284     4    -5     T
      272  0.2090567E+02  0.64691E-01    5     1289    -4    -5     T
      273  0.2097036E+02  0.64691E-01    5     1294     4    -5     T
      274  0.2103505E+02  0.64691E-01    5     1299    -4    -5     T
      275  0.2109974E+02  0.64691E-01    5     1304     4    -5     T
      276  0.2116443E+02  0.64691E-01    5     1309    -4    -5     T
      277  0.2122912E+02  0.64691E-01    5     1314     4    -5     T
      278  0.2129382E+02  0.64691E-01    5     1319    -4    -5     T
      279  0.2135851E+02  0.64691E-01    5     1324     4    -5     T
      280  0.2142266E+02  0.64149E-01    5     1329    -4    -5     T
      281  0.2148681E+02  0.64149E-01    5     1334     4    -5     T
      282  0.2155095E+02  0.64149E-01    5     1339    -4    -5     T
      283  0.2161510E+02  0.64149E-01    5     1344     4    -5     T
      284  0.2167925E+02  0.64149E-01    5     1349    -4    -5     T
      285  0.2174340E+02  0.64149E-01    5     1354     4    -5     T
      286  0.2180755E+02  0.64149E-01    5     1359    -4    -5     T
      287  0.2187170E+02  0.64149E-01    5     1364     4    -5     T
      288  0.2193585E+02  0.64149E-01    5     1369    -4    -5     T
      289  0.2200000E+02  0.64149E-01    5     1374     4    -5     T
      290  0.2206469E+02  0.64691E-01    5     1379    -4    -5     T
      291  0.2212938E+02  0.64691E-01    5     1384     4    -5     T
      292  0.2219407E+02  0.64691E-01    5     1389    -4    -5     T
      293  0.2225876E+02  0.64691E-01    5     1394     4    -5     T
      294  0.2232345E+02  0.64691E-01    5     1399    -4    -5     T
      295  0.2238814E+02  0.64691E-01    5     1404     4    -5     T
      296  0.2245284E+02  0.64691E-01    5     1409    -4    -5     T
      297  0.2251753E+02  0.64691E-01    5     1414     4    -5     T
      298  0.2258222E+02  0.64691E-01    5     1419    -4    -5     T
      299  0.2264691E+02  0.64691E-01    5     1424     4    -5     T
      300  0.2271160E+02  0.64691E-01    5     1429    -4    -5     T
      301  0.2277629E+02  0.64691E-01    5     1434     4    -5     T
      302  0.2284098E+02  0.64691E-01    5     1439    -4    -5     T
      303  0.2290567E+02  0.64691E-01    5     1444     4    -5     T
      304  0.2297036E+02  0.64691E-01    5     1449    -4    -5     T
      305  0.2303505E+02  0.64691E-01    5     1454     4    -5     T
      306  0.2309974E+02  0.64691E-01    5     1459    -4    -5     T
      307  0.2316443E+02  0.64691E-01    5     1464     4    -5     T
      308  0.2322912E+02  0.64691E-01    5     1469    -4    -5     T
      309  0.2329382E+02  0.64691E-01    5     1474     4    -5     T
      310  0.2335851E+02  0.64691E-01    5     1479    -4    -5     T
      311  0.2342266E+02  0.64149E-01    5     1484     4    -5     T
      312  0.2348681E+02  0.64149E-01    5     1489    -4    -5     T
      313  0.2355095E+02  0.64149E-01    5     1494     4    -5     T
      314  0.2361510E+02  0.64149E-01    5     1499    -4    -5     T
      315  0.2367925E+02  0.64149E-01    5     1504     4    -5     T
      316  0.2374340E+02  0.64149E-01    5     1509    -4    -5     T
      317  0.2380755E+02  0.64149E-01    5     1514     4    -5     T
      318  0.2387170E+02  0.64149E-01    5     1519    -4    -5     T
      319  0.2393585E+02  0.64149E-01    5     1524     4    -5     T
      320  0.2400000E+02  0.64149E-01    5     1529    -4    -5     T
      321  0.2406469E+02  0.64691E-01    5     1534     4    -5     T
      322  0.2412938E+02  0.64691E-01    5     1539    -4    -5     T
      323  0.2419407E+02  0.64691E-01    5     1544     4    -5     T
      324  0.2425876E+02  0.64691E-01    5     1549    -4    -5     T
      325  0.2432345E+02  0.64691E-01    5     1554     4    -5     T
      326  0.2438814E+02  0.64691E-01    5     1559    -4    -5     T
      327  0.2445284E+02  0.64691E-01    5     1564     4    -5     T
      328  0.2451753E+02  0.64691E-01    5     1569    -4    -5     T
      329  0.2458222E+02  0.64691E-01    5     1574     4    -5     T
      330  0.2464691E+02  0.64691E-01    5     1579    -4    -5     T
      331  0.2471160E+02  0.64691E-01    5     1584     4    -5     T
      332  0.2477629E+02  0.64691E-01    5     1589    -4    -5     T
      333  0.2484098E+02  0.64691E-01    5     1594     4    -5     T
      334  0.2490567E+02  0.64691E-01    5     1599    -4    -5     T
      335  0.2497036E+02  0.64691E-01    5     1604     4    -5     T
      336  0.2503505E+02  0.64691E-01    5     1609    -4    -5     T
      337  0.2509974E+02  0.64691E-01    5     1614     4    -5     T
      338  0.2516443E+02  0.64691E-01    5     1619    -4    -5     T
      339  0.2522912E+02  0.64691E-01    5     1624     4    -5     T
      340  0.2529382E+02  0.64691E-01    5     1629    -4    -5     T
      341  0.2535851E+02  0.64691E-01    5     1634     4    -5     T
      342  0.2542320E+02  0.64691E-01    5     1639    -4    -5     T
      343  0.2548789E+02  0.64691E-01    5     1644     4    -5     T
      344  0.2555258E+02  0.64691E-01    5     1649    -4    -5     T
      345  0.2561727E+02  0.64691E-01    5     1654     4    -5     T
      346  0.2568196E+02  0.64691E-01    5     1659    -4    -5     T
      347  0.2574665E+02  0.64691E-01    5     1664     4    -5     T
      348  0.2581134E+02  0.64691E-01    5     1669    -4    -5     T
      349  0.2587603E+02  0.64691E-01    5     1674     4    -5     T
      350  0.2594072E+02  0.64691E-01    5     1679    -4    -5     T
      351  0.2600541E+02  0.64691E-01    5     1684     4    -5     T
      352  0.2607011E+02  0.64691E-01    5     1689    -4    -5     T
      353  0.2613480E+02  0.64691E-01    5     1694     4    -5     T
      354  0.2619949E+02  0.64691E-01    5     1699    -4    -5     T
      355  0.2626418E+02  0.64691E-01    5     1704     4    -5     T
      356  0.2632887E+02  0.64691E-01    5     1709    -4    -5     T
      357  0.2639356E+02  0.64691E-01    5     1714     4    -5     T
      358  0.2645825E+02  0.64691E-01    5     1719    -4    -5     T
      359  0.2652294E+02  0.64691E-01    5     1724     4    -5     T
      360  0.2658763E+02  0.64691E-01    5     1729    -4    -5     T
      361  0.2665232E+02  0.64691E-01    5     1734     4    -5     T
      362  0.2671701E+02  0.64691E-01    5     1739    -4    -5     T
      363  0.2678170E+02  0.64691E-01    5     1744     4    -5     T
      364  0.2684639E+02  0.64691E-01    5     1749    -4    -5     T
      365  0.2691109E+02  0.64691E-01    5     1754     4    -5     T
      366  0.2697578E+02  0.64691E-01    5     1759    -4    -5     T
      367  0.2704047E+02  0.64691E-01    5     1764     4    -5     T
      368  0.2710516E+02  0.64691E-01    5     1769    -4    -5     T
      369  0.2716985E+02  0.64691E-01    5     1774     4    -5     T
      370  0.2723454E+02  0.64691E-01    5     1779    -4    -5     T
      371  0.2729923E+02  0.64691E-01    5     1784     4    -5     T
      372  0.2736392E+02  0.64691E-01    5     1789    -4    -5     T
      373  0.2742753E+02  0.63608E-01    5     1794     4    -5     T
      374  0.2749114E+02  0.63608E-01    5     1799    -4    -5     T
      375  0.2755474E+02  0.63608E-01    5     1804     4    -5     T
      376  0.2761835E+02  0.63608E-01    5     1809    -4    -5     T
      377  0.2768196E+02  0.63608E-01    5     1814     4    -5     T
      378  0.2774557E+02  0.63608E-01    5     1819    -4    -5     T
      379  0.2780918E+02  0.63608E-01    5     1824     4    -5     T
      380  0.2787278E+02  0.63608E-01    5     1829    -4    -5     T
      381  0.2793639E+02  0.63608E-01    5     1834     4    -5     T
      382  0.2800000E+02  0.63608E-01    5     1839    -4    -5     T
      383  0.2806469E+02  0.64691E-01    5     1844     4    -5     T
      384  0.2812938E+02  0.64691E-01    5     1849    -4    -5     T
      385  0.2819407E+02  0.64691E-01    5     1854     4    -5     T
      386  0.2825876E+02  0.64691E-01    5     1859    -4    -5     T
      387  0.2832345E+02  0.64691E-01    5     1864     4    -5     T
      388  0.2838814E+02  0.64691E-01    5     1869    -4    -5     T
      389  0.2845284E+02  0.64691E-01    5     1874     4    -5     T
      390  0.2851753E+02  0.64691E-01    5     1879    -4    -5     T
      391  0.2858222E+02  0.64691E-01    5     1884     4    -5     T
      392  0.2864691E+02  0.64691E-01    5     1889    -4    -5     T
      393  0.2871160E+02  0.64691E-01    5     1894     4    -5     T
      394  0.2877629E+02  0.64691E-01    5     1899    -4    -5     T
      395  0.2884098E+02  0.64691E-01    5     1904     4    -5     T
      396  0.2890567E+02  0.64691E-01    5     1909    -4    -5     T
      397  0.2897036E+02  0.64691E-01    5     1914     4    -5     T
      398  0.2903505E+02  0.64691E-01    5     1919    -4    -5     T
      399  0.2909974E+02  0.64691E-01    5     1924     4    -5     T
      400  0.2916443E+02  0.64691E-01    5     1929    -4    -5     T
      401  0.2922912E+02  0.64691E-01    5     1934     4    -5     T
      402  0.2929382E+02  0.64691E-01    5     1939    -4    -5     T
      403  0.2935851E+02  0.64691E-01    5     1944     4    -5     T
      404  0.2942266E+02  0.64149E-01    5     1949    -4    -5     T
      405  0.2948681E+02  0.64149E-01    5     1954     4    -5     T
      406  0.2955095E+02  0.64149E-01    5     1959    -4    -5     T
      407  0.2961510E+02  0.64149E-01    5     1964     4    -5     T
      408  0.2967925E+02  0.64149E-01    5     1969    -4    -5     T
      409  0.2974340E+02  0.64149E-01    5     1974     4    -5     T
      410  0.2980755E+02  0.64149E-01    5     1979    -4    -5     T
      411  0.2987170E+02  0.64149E-01    5     1984     4    -5     T
      412  0.2993585E+02  0.64149E-01    5     1989    -4    -5     T
      413  0.3000000E+02  0.64149E-01    5     1994     4    -5     T
end
